<?xml version="1.0" encoding="UTF-8"?>
<!-- Generated by org.testng.reporters.JUnitXMLReporter -->
<testsuite ignored="0" hostname="DESKTOP-9STP60L" failures="0" tests="3" name="Default test" time="30.774" errors="0" timestamp="2023-07-30T14:17:21 IST">
  <testcase classname="test.ValidateSignUp" name="validateBuild_A_BearURL" time="0.206"/>
  <testcase classname="test.ValidateSignUp" name="validateSignUp" time="1.635"/>
  <testcase classname="test.ValidateSignUp" name="validateSignUpButonDisplayed" time="5.312"/>
</testsuite> <!-- Default test -->
