<?xml version="1.0" encoding="UTF-8"?>
<testng-results ignored="0" total="3" passed="3" failed="0" skipped="0">
  <reporter-output>
    <line>
      <![CDATA[Launched Build-A-Bear application]]>
    </line>
    <line>
      <![CDATA[URL is matching]]>
    </line>
    <line>
      <![CDATA[Log In/Sign Up button is displayed]]>
    </line>
  </reporter-output>
  <suite started-at="2023-07-30T14:16:50 IST" name="Default suite" finished-at="2023-07-30T14:17:21 IST" duration-ms="30774">
    <groups>
    </groups>
    <test started-at="2023-07-30T14:16:50 IST" name="Default test" finished-at="2023-07-30T14:17:21 IST" duration-ms="30774">
      <class name="test.ValidateSignUp">
        <test-method is-config="true" signature="openBuildaBear()[pri:0, instance:test.ValidateSignUp@5032714f]" started-at="2023-07-30T14:16:50 IST" name="openBuildaBear" finished-at="2023-07-30T14:17:13 IST" duration-ms="23459" status="PASS">
          <reporter-output>
            <line>
              <![CDATA[Launched Build-A-Bear application]]>
            </line>
          </reporter-output>
        </test-method> <!-- openBuildaBear -->
        <test-method signature="validateBuild_A_BearURL()[pri:-1, instance:test.ValidateSignUp@5032714f]" started-at="2023-07-30T14:17:14 IST" name="validateBuild_A_BearURL" finished-at="2023-07-30T14:17:14 IST" duration-ms="206" status="PASS">
          <reporter-output>
            <line>
              <![CDATA[URL is matching]]>
            </line>
          </reporter-output>
        </test-method> <!-- validateBuild_A_BearURL -->
        <test-method signature="validateSignUp()[pri:0, instance:test.ValidateSignUp@5032714f]" started-at="2023-07-30T14:17:14 IST" name="validateSignUp" finished-at="2023-07-30T14:17:15 IST" duration-ms="1635" status="PASS">
          <reporter-output>
          </reporter-output>
        </test-method> <!-- validateSignUp -->
        <test-method signature="validateSignUpButonDisplayed()[pri:0, instance:test.ValidateSignUp@5032714f]" started-at="2023-07-30T14:17:15 IST" name="validateSignUpButonDisplayed" finished-at="2023-07-30T14:17:21 IST" duration-ms="5312" status="PASS">
          <reporter-output>
            <line>
              <![CDATA[Log In/Sign Up button is displayed]]>
            </line>
          </reporter-output>
        </test-method> <!-- validateSignUpButonDisplayed -->
      </class> <!-- test.ValidateSignUp -->
    </test> <!-- Default test -->
  </suite> <!-- Default suite -->
</testng-results>
